[2019-08-30 15:17:43,120] ERROR {org.ballerinalang.net.http.BallerinaHTTPConnectorListener} - Error in HTTP server connector: Remote client closed the connection before initiating inbound request  
[2019-08-30 15:17:59,039] ERROR {org.ballerinalang.net.http.BallerinaHTTPConnectorListener} - Error in HTTP server connector: Remote client closed the connection before initiating inbound request  
[2019-08-30 15:29:47,322] ERROR {org.ballerinalang.net.http.BallerinaHTTPConnectorListener} - Error in HTTP server connector: Remote client closed the connection before initiating inbound request  
[2019-08-30 15:30:16,690] ERROR {org.ballerinalang.net.http.BallerinaHTTPConnectorListener} - Error in HTTP server connector: Remote client closed the connection before initiating inbound request  
[2019-08-30 15:50:00,004] WARN  {com.zaxxer.hikari.pool.HikariPool} - HikariPool-1 - Thread starvation or clock leap detected (housekeeper delta=46s576ms754µs654ns).  
[2019-08-30 15:50:30,010] WARN  {com.zaxxer.hikari.pool.HikariPool} - HikariPool-1 - Thread starvation or clock leap detected (housekeeper delta=45s316ms299µs45ns).  
[2019-09-04 21:46:59,490] WARN  {com.zaxxer.hikari.pool.HikariPool} - HikariPool-1 - Thread starvation or clock leap detected (housekeeper delta=50s923ms771µs152ns).  
[2019-09-05 11:32:05,778] ERROR {org.ballerinalang.net.http.HttpUtil} - {ballerina}StringOperationError:String index out of range. Actual:44 requested: 2 to 66  
[2019-09-05 11:32:09,689] ERROR {org.ballerinalang.net.http.HttpUtil} - {ballerina}StringOperationError:String index out of range. Actual:44 requested: 2 to 66  
[2019-09-05 11:32:10,520] ERROR {org.ballerinalang.net.http.HttpUtil} - {ballerina}StringOperationError:String index out of range. Actual:44 requested: 2 to 66  
[2019-09-05 11:32:14,237] ERROR {org.ballerinalang.net.http.HttpUtil} - {ballerina}StringOperationError:String index out of range. Actual:44 requested: 2 to 66  
[2019-09-05 11:32:17,624] ERROR {org.ballerinalang.net.http.HttpUtil} - {ballerina}StringOperationError:String index out of range. Actual:44 requested: 2 to 66  
[2019-09-05 11:32:18,448] ERROR {org.ballerinalang.net.http.HttpUtil} - {ballerina}StringOperationError:String index out of range. Actual:44 requested: 2 to 66  
[2019-09-05 11:32:18,941] ERROR {org.ballerinalang.net.http.HttpUtil} - {ballerina}StringOperationError:String index out of range. Actual:44 requested: 2 to 66  
[2019-09-05 11:32:48,417] ERROR {org.ballerinalang.net.http.HttpUtil} - {ballerina}StringOperationError:String index out of range. Actual:44 requested: 2 to 66  
[2019-09-05 11:32:49,150] ERROR {org.ballerinalang.net.http.HttpUtil} - {ballerina}StringOperationError:String index out of range. Actual:44 requested: 2 to 66  
[2019-09-05 11:32:49,815] ERROR {org.ballerinalang.net.http.HttpUtil} - {ballerina}StringOperationError:String index out of range. Actual:44 requested: 2 to 66  
[2019-09-05 11:32:49,990] ERROR {org.ballerinalang.net.http.HttpUtil} - {ballerina}StringOperationError:String index out of range. Actual:44 requested: 2 to 66  
[2019-09-05 11:33:27,929] ERROR {org.ballerinalang.net.http.HttpUtil} - {ballerina}StringOperationError:String index out of range. Actual:44 requested: 2 to 66  
[2019-09-05 11:33:29,378] ERROR {org.ballerinalang.net.http.HttpUtil} - {ballerina}StringOperationError:String index out of range. Actual:44 requested: 2 to 66  
[2019-09-05 11:33:29,932] ERROR {org.ballerinalang.net.http.HttpUtil} - {ballerina}StringOperationError:String index out of range. Actual:44 requested: 2 to 66  
[2019-09-05 11:35:39,671] ERROR {org.ballerinalang.net.http.HttpUtil} - {ballerina}StringOperationError:String index out of range. Actual:44 requested: 2 to 66  
[2019-09-05 11:35:44,729] ERROR {org.ballerinalang.net.http.HttpUtil} - {ballerina}StringOperationError:String index out of range. Actual:44 requested: 2 to 66  
[2019-09-05 11:35:46,219] ERROR {org.ballerinalang.net.http.HttpUtil} - {ballerina}StringOperationError:String index out of range. Actual:44 requested: 2 to 66  
[2019-09-05 11:39:13,576] ERROR {org.ballerinalang.net.http.HttpUtil} - {ballerina}StringOperationError:String index out of range. Actual:44 requested: 2 to 66  
[2019-09-05 11:39:15,094] ERROR {org.ballerinalang.net.http.HttpUtil} - {ballerina}StringOperationError:String index out of range. Actual:44 requested: 2 to 66  
[2019-09-05 11:39:15,512] ERROR {org.ballerinalang.net.http.HttpUtil} - {ballerina}StringOperationError:String index out of range. Actual:44 requested: 2 to 66  
[2019-09-05 11:39:49,964] ERROR {org.ballerinalang.net.http.HttpUtil} - {ballerina}StringOperationError:String index out of range. Actual:44 requested: 2 to 66  
[2019-09-05 11:43:17,133] ERROR {org.ballerinalang.net.http.HttpUtil} - {ballerina}StringOperationError:String index out of range. Actual:44 requested: 2 to 66  
[2019-09-05 11:43:18,696] ERROR {org.ballerinalang.net.http.HttpUtil} - {ballerina}StringOperationError:String index out of range. Actual:44 requested: 2 to 66  
[2019-09-05 11:43:19,583] ERROR {org.ballerinalang.net.http.HttpUtil} - {ballerina}StringOperationError:String index out of range. Actual:44 requested: 2 to 66  
[2019-09-05 11:43:20,111] ERROR {org.ballerinalang.net.http.HttpUtil} - {ballerina}StringOperationError:String index out of range. Actual:44 requested: 2 to 66  
[2019-09-05 11:43:36,205] ERROR {org.ballerinalang.net.http.HttpUtil} - {ballerina}StringOperationError:String index out of range. Actual:44 requested: 2 to 66  
[2019-09-05 11:43:37,258] ERROR {org.ballerinalang.net.http.HttpUtil} - {ballerina}StringOperationError:String index out of range. Actual:44 requested: 2 to 66  
[2019-09-05 11:45:28,175] ERROR {org.ballerinalang.net.http.BallerinaHTTPConnectorListener} - Error in HTTP server connector: Remote client closed the connection before initiating inbound request  
[2019-09-05 11:50:08,401] ERROR {org.ballerinalang.net.http.BallerinaHTTPConnectorListener} - Error in HTTP server connector: Remote client closed the connection before initiating inbound request  
[2019-09-05 11:51:31,191] ERROR {org.ballerinalang.net.http.BallerinaHTTPConnectorListener} - Error in HTTP server connector: Remote client closed the connection before initiating inbound request  
[2019-09-05 12:16:44,403] ERROR {org.ballerinalang.net.http.BallerinaHTTPConnectorListener} - Error in HTTP server connector: Remote client closed the connection before initiating inbound request  
[2019-09-05 12:16:49,370] ERROR {org.ballerinalang.net.http.BallerinaHTTPConnectorListener} - Error in HTTP server connector: Remote client closed the connection before initiating inbound request  
[2019-09-05 12:19:18,399] ERROR {org.ballerinalang.net.http.BallerinaHTTPConnectorListener} - Error in HTTP server connector: Remote client closed the connection before initiating inbound request  
[2019-09-09 10:02:49,571] ERROR {org.ballerinalang.net.http.BallerinaHTTPConnectorListener} - Error in HTTP server connector: Remote client closed the connection before initiating inbound request  
[2019-09-09 10:03:00,986] ERROR {org.ballerinalang.net.http.BallerinaHTTPConnectorListener} - Error in HTTP server connector: Remote client closed the connection before initiating outbound response  
[2019-09-09 10:03:26,437] ERROR {org.ballerinalang.net.http.BallerinaHTTPConnectorListener} - Error in HTTP server connector: Remote client closed the connection before initiating inbound request  
[2019-09-09 10:20:46,864] ERROR {org.ballerinalang.net.http.BallerinaHTTPConnectorListener} - Error in HTTP server connector: Idle timeout triggered before initiating inbound request  
[2019-09-12 10:33:39,928] ERROR {org.ballerinalang.net.http.BallerinaHTTPConnectorListener} - Error in HTTP server connector: Remote client closed the connection before initiating inbound request  
[2019-09-12 10:33:59,875] ERROR {org.ballerinalang.net.http.BallerinaHTTPConnectorListener} - Error in HTTP server connector: Remote client closed the connection before initiating inbound request  
[2019-09-16 10:18:24,710] ERROR {org.ballerinalang.net.http.BallerinaHTTPConnectorListener} - Error in HTTP server connector: Remote client closed the connection before initiating inbound request  
[2019-09-16 10:19:10,117] ERROR {org.ballerinalang.net.http.BallerinaHTTPConnectorListener} - Error in HTTP server connector: Remote client closed the connection before initiating inbound request  
[2019-09-16 11:42:58,384] ERROR {org.ballerinalang.net.http.BallerinaHTTPConnectorListener} - Error in HTTP server connector: Remote client closed the connection before initiating inbound request  
[2019-09-16 11:43:13,659] ERROR {org.ballerinalang.net.http.BallerinaHTTPConnectorListener} - Error in HTTP server connector: Remote client closed the connection before initiating inbound request  
[2019-09-16 12:03:29,777] ERROR {org.ballerinalang.jvm.scheduling.Scheduler} - Strand died 
error: error occurred when pulling the module from remote registry 
	at ballerina:createError(module_pull.bal:55)
	   ballerina:pullPackage(module_pull.bal:145)
	   ballerina:main(module_pull.bal:100) 
[2019-09-16 12:05:40,954] ERROR {org.ballerinalang.jvm.scheduling.Scheduler} - Strand died 
error: error occurred when pulling the module from remote registry 
	at ballerina:createError(module_pull.bal:55)
	   ballerina:pullPackage(module_pull.bal:145)
	   ballerina:main(module_pull.bal:100) 
[2019-09-16 12:29:30,270] ERROR {org.ballerinalang.tool.Main} - Illegal character in path at index 13: wso2/ethereum[/ 
java.lang.IllegalArgumentException: Illegal character in path at index 13: wso2/ethereum[/
	at java.net.URI.create(URI.java:852)
	at java.net.URI.resolve(URI.java:1036)
	at org.wso2.ballerinalang.compiler.packaging.converters.URIConverter.combine(URIConverter.java:91)
	at org.wso2.ballerinalang.compiler.packaging.converters.URIConverter.combine(URIConverter.java:48)
	at org.wso2.ballerinalang.compiler.packaging.Patten.callReduceForEach(Patten.java:93)
	at org.wso2.ballerinalang.compiler.packaging.Patten.lambda$convert$1(Patten.java:73)
	at java.util.stream.ReferencePipeline$3$1.accept(ReferencePipeline.java:193)
	at java.util.stream.Streams$StreamBuilderImpl.forEachRemaining(Streams.java:419)
	at java.util.stream.AbstractPipeline.copyInto(AbstractPipeline.java:482)
	at java.util.stream.AbstractPipeline.wrapAndCopyInto(AbstractPipeline.java:472)
	at java.util.stream.ReduceOps$ReduceOp.evaluateSequential(ReduceOps.java:708)
	at java.util.stream.AbstractPipeline.evaluate(AbstractPipeline.java:234)
	at java.util.stream.ReferencePipeline.collect(ReferencePipeline.java:499)
	at org.ballerinalang.packerina.cmd.PullCommand.execute(PullCommand.java:118)
	at java.util.Optional.ifPresent(Optional.java:159)
	at org.ballerinalang.tool.Main.main(Main.java:57)
Caused by: java.net.URISyntaxException: Illegal character in path at index 13: wso2/ethereum[/
	at java.net.URI$Parser.fail(URI.java:2848)
	at java.net.URI$Parser.checkChars(URI.java:3021)
	at java.net.URI$Parser.parseHierarchical(URI.java:3105)
	at java.net.URI$Parser.parse(URI.java:3063)
	at java.net.URI.<init>(URI.java:588)
	at java.net.URI.create(URI.java:850)
	... 15 more
 
[2019-09-17 10:09:24,712] ERROR {org.ballerinalang.jvm.scheduling.Scheduler} - Strand died 
error: 	error occurred when pulling the module from remote registry 
	at ballerina:createError(module_pull.bal:55)
	   ballerina:pullPackage(module_pull.bal:145)
	   ballerina:main(module_pull.bal:100) 
[2019-09-17 10:09:25,782] ERROR {org.ballerinalang.jvm.scheduling.Scheduler} - Strand died 
error: 	error occurred when pulling the module from remote registry 
	at ballerina:createError(module_pull.bal:55)
	   ballerina:pullPackage(module_pull.bal:145)
	   ballerina:main(module_pull.bal:100) 
[2019-09-17 10:12:06,071] ERROR {org.ballerinalang.jvm.scheduling.Scheduler} - Strand died 
error: 	error occurred when pulling the module from remote registry 
	at ballerina:createError(module_pull.bal:55)
	   ballerina:pullPackage(module_pull.bal:145)
	   ballerina:main(module_pull.bal:100) 
[2019-09-17 10:12:07,124] ERROR {org.ballerinalang.jvm.scheduling.Scheduler} - Strand died 
error: 	error occurred when pulling the module from remote registry 
	at ballerina:createError(module_pull.bal:55)
	   ballerina:pullPackage(module_pull.bal:145)
	   ballerina:main(module_pull.bal:100) 
[2019-09-17 10:31:46,542] ERROR {org.ballerinalang.jvm.scheduling.Scheduler} - Strand died 
error: 	error occurred when pulling the module from remote registry 
	at ballerina:createError(module_pull.bal:55)
	   ballerina:pullPackage(module_pull.bal:145)
	   ballerina:main(module_pull.bal:100) 
[2019-09-17 10:31:47,607] ERROR {org.ballerinalang.jvm.scheduling.Scheduler} - Strand died 
error: 	error occurred when pulling the module from remote registry 
	at ballerina:createError(module_pull.bal:55)
	   ballerina:pullPackage(module_pull.bal:145)
	   ballerina:main(module_pull.bal:100) 
[2019-09-17 12:45:39,437] ERROR {org.ballerinalang.jvm.scheduling.Scheduler} - Strand died 
error: 	error occurred when pulling the module from remote registry 
	at ballerina:createError(module_pull.bal:55)
	   ballerina:pullPackage(module_pull.bal:145)
	   ballerina:main(module_pull.bal:100) 
[2019-09-17 12:45:40,494] ERROR {org.ballerinalang.jvm.scheduling.Scheduler} - Strand died 
error: 	error occurred when pulling the module from remote registry 
	at ballerina:createError(module_pull.bal:55)
	   ballerina:pullPackage(module_pull.bal:145)
	   ballerina:main(module_pull.bal:100) 
[2019-09-17 13:56:14,413] ERROR {org.ballerinalang.jvm.scheduling.Scheduler} - Strand died 
error: 	error occurred when pulling the module from remote registry 
	at ballerina:createError(module_pull.bal:55)
	   ballerina:pullPackage(module_pull.bal:145)
	   ballerina:main(module_pull.bal:100) 
[2019-09-17 13:56:15,497] ERROR {org.ballerinalang.jvm.scheduling.Scheduler} - Strand died 
error: 	error occurred when pulling the module from remote registry 
	at ballerina:createError(module_pull.bal:55)
	   ballerina:pullPackage(module_pull.bal:145)
	   ballerina:main(module_pull.bal:100) 
[2019-09-17 14:07:39,984] ERROR {org.ballerinalang.jvm.scheduling.Scheduler} - Strand died 
error: 	error occurred when pulling the module from remote registry 
	at ballerina:createError(module_pull.bal:55)
	   ballerina:pullPackage(module_pull.bal:145)
	   ballerina:main(module_pull.bal:100) 
[2019-09-17 14:07:41,076] ERROR {org.ballerinalang.jvm.scheduling.Scheduler} - Strand died 
error: 	error occurred when pulling the module from remote registry 
	at ballerina:createError(module_pull.bal:55)
	   ballerina:pullPackage(module_pull.bal:145)
	   ballerina:main(module_pull.bal:100) 
[2019-09-17 14:08:16,640] ERROR {org.ballerinalang.jvm.scheduling.Scheduler} - Strand died 
error: 	error occurred when pulling the module from remote registry 
	at ballerina:createError(module_pull.bal:55)
	   ballerina:pullPackage(module_pull.bal:145)
	   ballerina:main(module_pull.bal:100) 
[2019-09-17 14:08:17,694] ERROR {org.ballerinalang.jvm.scheduling.Scheduler} - Strand died 
error: 	error occurred when pulling the module from remote registry 
	at ballerina:createError(module_pull.bal:55)
	   ballerina:pullPackage(module_pull.bal:145)
	   ballerina:main(module_pull.bal:100) 
[2019-09-17 14:27:40,101] ERROR {org.ballerinalang.jvm.scheduling.Scheduler} - Strand died 
error: 	error occurred when pulling the module from remote registry 
	at ballerina:createError(module_pull.bal:55)
	   ballerina:pullPackage(module_pull.bal:145)
	   ballerina:main(module_pull.bal:100) 
[2019-09-17 14:27:41,171] ERROR {org.ballerinalang.jvm.scheduling.Scheduler} - Strand died 
error: 	error occurred when pulling the module from remote registry 
	at ballerina:createError(module_pull.bal:55)
	   ballerina:pullPackage(module_pull.bal:145)
	   ballerina:main(module_pull.bal:100) 
[2019-09-17 15:14:01,519] ERROR {org.ballerinalang.jvm.scheduling.Scheduler} - Strand died 
error: 	error occurred when pulling the module from remote registry 
	at ballerina:createError(module_pull.bal:55)
	   ballerina:pullPackage(module_pull.bal:145)
	   ballerina:main(module_pull.bal:100) 
[2019-09-17 15:14:02,602] ERROR {org.ballerinalang.jvm.scheduling.Scheduler} - Strand died 
error: 	error occurred when pulling the module from remote registry 
	at ballerina:createError(module_pull.bal:55)
	   ballerina:pullPackage(module_pull.bal:145)
	   ballerina:main(module_pull.bal:100) 
[2019-09-18 09:56:56,078] ERROR {org.ballerinalang.jvm.scheduling.Scheduler} - Strand died 
error: 	error occurred when pulling the module from remote registry 
	at ballerina:createError(module_pull.bal:55)
	   ballerina:pullPackage(module_pull.bal:145)
	   ballerina:main(module_pull.bal:100) 
[2019-09-18 09:56:57,144] ERROR {org.ballerinalang.jvm.scheduling.Scheduler} - Strand died 
error: 	error occurred when pulling the module from remote registry 
	at ballerina:createError(module_pull.bal:55)
	   ballerina:pullPackage(module_pull.bal:145)
	   ballerina:main(module_pull.bal:100) 
[2019-09-18 09:57:16,086] ERROR {org.ballerinalang.jvm.scheduling.Scheduler} - Strand died 
error: 	error occurred when pulling the module from remote registry 
	at ballerina:createError(module_pull.bal:55)
	   ballerina:pullPackage(module_pull.bal:145)
	   ballerina:main(module_pull.bal:100) 
[2019-09-18 09:57:17,164] ERROR {org.ballerinalang.jvm.scheduling.Scheduler} - Strand died 
error: 	error occurred when pulling the module from remote registry 
	at ballerina:createError(module_pull.bal:55)
	   ballerina:pullPackage(module_pull.bal:145)
	   ballerina:main(module_pull.bal:100) 
[2019-09-18 09:59:51,396] ERROR {org.ballerinalang.jvm.scheduling.Scheduler} - Strand died 
error: error occurred when pulling the module from remote registry 
	at ballerina:createError(module_pull.bal:55)
	   ballerina:pullPackage(module_pull.bal:145)
	   ballerina:main(module_pull.bal:100) 
[2019-09-18 10:29:18,306] ERROR {org.ballerinalang.jvm.scheduling.Scheduler} - Strand died 
error: 	error occurred when pulling the module from remote registry 
	at ballerina:createError(module_pull.bal:55)
	   ballerina:pullPackage(module_pull.bal:145)
	   ballerina:main(module_pull.bal:100) 
[2019-09-18 10:29:19,374] ERROR {org.ballerinalang.jvm.scheduling.Scheduler} - Strand died 
error: 	error occurred when pulling the module from remote registry 
	at ballerina:createError(module_pull.bal:55)
	   ballerina:pullPackage(module_pull.bal:145)
	   ballerina:main(module_pull.bal:100) 
[2019-09-18 11:22:45,812] ERROR {org.ballerinalang.jvm.scheduling.Scheduler} - Strand died 
error: 	error occurred when pulling the module from remote registry 
	at ballerina:createError(module_pull.bal:55)
	   ballerina:pullPackage(module_pull.bal:145)
	   ballerina:main(module_pull.bal:100) 
[2019-09-18 11:22:46,932] ERROR {org.ballerinalang.jvm.scheduling.Scheduler} - Strand died 
error: 	error occurred when pulling the module from remote registry 
	at ballerina:createError(module_pull.bal:55)
	   ballerina:pullPackage(module_pull.bal:145)
	   ballerina:main(module_pull.bal:100) 
[2019-09-18 11:30:24,822] ERROR {org.ballerinalang.jvm.scheduling.Scheduler} - Strand died 
error: 	error occurred when pulling the module from remote registry 
	at ballerina:createError(module_pull.bal:55)
	   ballerina:pullPackage(module_pull.bal:145)
	   ballerina:main(module_pull.bal:100) 
[2019-09-18 11:30:25,892] ERROR {org.ballerinalang.jvm.scheduling.Scheduler} - Strand died 
error: 	error occurred when pulling the module from remote registry 
	at ballerina:createError(module_pull.bal:55)
	   ballerina:pullPackage(module_pull.bal:145)
	   ballerina:main(module_pull.bal:100) 
[2019-09-18 11:47:47,157] ERROR {org.ballerinalang.jvm.scheduling.Scheduler} - Strand died 
error: 	error occurred when pulling the module from remote registry 
	at ballerina:createError(module_pull.bal:55)
	   ballerina:pullPackage(module_pull.bal:145)
	   ballerina:main(module_pull.bal:100) 
[2019-09-18 11:47:48,233] ERROR {org.ballerinalang.jvm.scheduling.Scheduler} - Strand died 
error: 	error occurred when pulling the module from remote registry 
	at ballerina:createError(module_pull.bal:55)
	   ballerina:pullPackage(module_pull.bal:145)
	   ballerina:main(module_pull.bal:100) 
[2019-09-18 11:53:33,104] ERROR {org.ballerinalang.jvm.scheduling.Scheduler} - Strand died 
error: 	error occurred when pulling the module from remote registry 
	at ballerina:createError(module_pull.bal:55)
	   ballerina:pullPackage(module_pull.bal:145)
	   ballerina:main(module_pull.bal:100) 
[2019-09-18 11:53:34,254] ERROR {org.ballerinalang.jvm.scheduling.Scheduler} - Strand died 
error: 	error occurred when pulling the module from remote registry 
	at ballerina:createError(module_pull.bal:55)
	   ballerina:pullPackage(module_pull.bal:145)
	   ballerina:main(module_pull.bal:100) 
[2019-09-18 13:52:43,289] ERROR {org.ballerinalang.jvm.scheduling.Scheduler} - Strand died 
error: 	error occurred when pulling the module from remote registry 
	at ballerina:createError(module_pull.bal:55)
	   ballerina:pullPackage(module_pull.bal:145)
	   ballerina:main(module_pull.bal:100) 
[2019-09-18 13:52:44,359] ERROR {org.ballerinalang.jvm.scheduling.Scheduler} - Strand died 
error: 	error occurred when pulling the module from remote registry 
	at ballerina:createError(module_pull.bal:55)
	   ballerina:pullPackage(module_pull.bal:145)
	   ballerina:main(module_pull.bal:100) 
[2019-09-18 13:54:18,499] ERROR {org.ballerinalang.jvm.scheduling.Scheduler} - Strand died 
error: 	error occurred when pulling the module from remote registry 
	at ballerina:createError(module_pull.bal:55)
	   ballerina:pullPackage(module_pull.bal:145)
	   ballerina:main(module_pull.bal:100) 
[2019-09-18 13:54:20,358] ERROR {org.ballerinalang.jvm.scheduling.Scheduler} - Strand died 
error: 	error occurred when pulling the module from remote registry 
	at ballerina:createError(module_pull.bal:55)
	   ballerina:pullPackage(module_pull.bal:145)
	   ballerina:main(module_pull.bal:100) 
[2019-09-18 14:11:17,353] ERROR {org.ballerinalang.jvm.scheduling.Scheduler} - Strand died 
error: 	error occurred when pulling the module from remote registry 
	at ballerina:createError(module_pull.bal:55)
	   ballerina:pullPackage(module_pull.bal:145)
	   ballerina:main(module_pull.bal:100) 
[2019-09-18 14:11:18,413] ERROR {org.ballerinalang.jvm.scheduling.Scheduler} - Strand died 
error: 	error occurred when pulling the module from remote registry 
	at ballerina:createError(module_pull.bal:55)
	   ballerina:pullPackage(module_pull.bal:145)
	   ballerina:main(module_pull.bal:100) 
[2019-09-18 14:59:44,488] ERROR {org.ballerinalang.jvm.scheduling.Scheduler} - Strand died 
error: 	error occurred when pulling the module from remote registry 
	at ballerina:createError(module_pull.bal:55)
	   ballerina:pullPackage(module_pull.bal:145)
	   ballerina:main(module_pull.bal:100) 
[2019-09-18 14:59:45,549] ERROR {org.ballerinalang.jvm.scheduling.Scheduler} - Strand died 
error: 	error occurred when pulling the module from remote registry 
	at ballerina:createError(module_pull.bal:55)
	   ballerina:pullPackage(module_pull.bal:145)
	   ballerina:main(module_pull.bal:100) 
[2019-09-18 15:32:28,238] ERROR {org.ballerinalang.jvm.scheduling.Scheduler} - Strand died 
error: 	error occurred when pulling the module from remote registry 
	at ballerina:createError(module_pull.bal:55)
	   ballerina:pullPackage(module_pull.bal:145)
	   ballerina:main(module_pull.bal:100) 
[2019-09-18 15:32:29,301] ERROR {org.ballerinalang.jvm.scheduling.Scheduler} - Strand died 
error: 	error occurred when pulling the module from remote registry 
	at ballerina:createError(module_pull.bal:55)
	   ballerina:pullPackage(module_pull.bal:145)
	   ballerina:main(module_pull.bal:100) 
[2019-09-18 15:36:04,715] ERROR {org.ballerinalang.jvm.scheduling.Scheduler} - Strand died 
error: 	error occurred when pulling the module from remote registry 
	at ballerina:createError(module_pull.bal:55)
	   ballerina:pullPackage(module_pull.bal:145)
	   ballerina:main(module_pull.bal:100) 
[2019-09-18 15:36:05,775] ERROR {org.ballerinalang.jvm.scheduling.Scheduler} - Strand died 
error: 	error occurred when pulling the module from remote registry 
	at ballerina:createError(module_pull.bal:55)
	   ballerina:pullPackage(module_pull.bal:145)
	   ballerina:main(module_pull.bal:100) 
[2019-09-19 10:10:04,118] ERROR {org.ballerinalang.jvm.scheduling.Scheduler} - Strand died 
error: 	error occurred when pulling the module from remote registry 
	at ballerina:createError(module_pull.bal:55)
	   ballerina:pullPackage(module_pull.bal:145)
	   ballerina:main(module_pull.bal:100) 
[2019-09-19 10:10:05,241] ERROR {org.ballerinalang.jvm.scheduling.Scheduler} - Strand died 
error: 	error occurred when pulling the module from remote registry 
	at ballerina:createError(module_pull.bal:55)
	   ballerina:pullPackage(module_pull.bal:145)
	   ballerina:main(module_pull.bal:100) 
[2019-09-19 10:25:20,772] ERROR {org.ballerinalang.jvm.scheduling.Scheduler} - Strand died 
error: 	error occurred when pulling the module from remote registry 
	at ballerina:createError(module_pull.bal:55)
	   ballerina:pullPackage(module_pull.bal:145)
	   ballerina:main(module_pull.bal:100) 
[2019-09-19 10:25:21,882] ERROR {org.ballerinalang.jvm.scheduling.Scheduler} - Strand died 
error: 	error occurred when pulling the module from remote registry 
	at ballerina:createError(module_pull.bal:55)
	   ballerina:pullPackage(module_pull.bal:145)
	   ballerina:main(module_pull.bal:100) 
[2019-09-19 11:09:28,658] ERROR {org.ballerinalang.jvm.scheduling.Scheduler} - Strand died 
error: 	error occurred when pulling the module from remote registry 
	at ballerina:createError(module_pull.bal:55)
	   ballerina:pullPackage(module_pull.bal:145)
	   ballerina:main(module_pull.bal:100) 
[2019-09-19 11:09:29,765] ERROR {org.ballerinalang.jvm.scheduling.Scheduler} - Strand died 
error: 	error occurred when pulling the module from remote registry 
	at ballerina:createError(module_pull.bal:55)
	   ballerina:pullPackage(module_pull.bal:145)
	   ballerina:main(module_pull.bal:100) 
[2019-09-19 11:10:28,626] ERROR {org.ballerinalang.jvm.scheduling.Scheduler} - Strand died 
error: 	error occurred when pulling the module from remote registry 
	at ballerina:createError(module_pull.bal:55)
	   ballerina:pullPackage(module_pull.bal:145)
	   ballerina:main(module_pull.bal:100) 
[2019-09-19 11:10:29,709] ERROR {org.ballerinalang.jvm.scheduling.Scheduler} - Strand died 
error: 	error occurred when pulling the module from remote registry 
	at ballerina:createError(module_pull.bal:55)
	   ballerina:pullPackage(module_pull.bal:145)
	   ballerina:main(module_pull.bal:100) 
[2019-09-19 11:45:15,072] ERROR {org.ballerinalang.jvm.scheduling.Scheduler} - Strand died 
error: 	error occurred when pulling the module from remote registry 
	at ballerina:createError(module_pull.bal:55)
	   ballerina:pullPackage(module_pull.bal:145)
	   ballerina:main(module_pull.bal:100) 
[2019-09-19 11:45:16,152] ERROR {org.ballerinalang.jvm.scheduling.Scheduler} - Strand died 
error: 	error occurred when pulling the module from remote registry 
	at ballerina:createError(module_pull.bal:55)
	   ballerina:pullPackage(module_pull.bal:145)
	   ballerina:main(module_pull.bal:100) 
[2019-09-19 11:45:55,367] ERROR {org.ballerinalang.jvm.scheduling.Scheduler} - Strand died 
error: error occurred when pulling the module from remote registry 
	at ballerina:createError(module_pull.bal:55)
	   ballerina:pullPackage(module_pull.bal:145)
	   ballerina:main(module_pull.bal:100) 
[2019-09-19 11:48:36,355] ERROR {org.ballerinalang.jvm.scheduling.Scheduler} - Strand died 
error: error occurred when pulling the module from remote registry 
	at ballerina:createError(module_pull.bal:55)
	   ballerina:pullPackage(module_pull.bal:145)
	   ballerina:main(module_pull.bal:100) 
[2019-09-19 11:49:42,798] ERROR {org.ballerinalang.jvm.scheduling.Scheduler} - Strand died 
error: 	error occurred when pulling the module from remote registry 
	at ballerina:createError(module_pull.bal:55)
	   ballerina:pullPackage(module_pull.bal:145)
	   ballerina:main(module_pull.bal:100) 
[2019-09-19 11:49:43,887] ERROR {org.ballerinalang.jvm.scheduling.Scheduler} - Strand died 
error: 	error occurred when pulling the module from remote registry 
	at ballerina:createError(module_pull.bal:55)
	   ballerina:pullPackage(module_pull.bal:145)
	   ballerina:main(module_pull.bal:100) 
[2019-09-19 11:50:40,971] ERROR {org.ballerinalang.jvm.scheduling.Scheduler} - Strand died 
error: 	error occurred when pulling the module from remote registry 
	at ballerina:createError(module_pull.bal:55)
	   ballerina:pullPackage(module_pull.bal:145)
	   ballerina:main(module_pull.bal:100) 
[2019-09-19 11:50:42,044] ERROR {org.ballerinalang.jvm.scheduling.Scheduler} - Strand died 
error: 	error occurred when pulling the module from remote registry 
	at ballerina:createError(module_pull.bal:55)
	   ballerina:pullPackage(module_pull.bal:145)
	   ballerina:main(module_pull.bal:100) 
[2019-09-19 11:51:09,870] ERROR {org.ballerinalang.jvm.scheduling.Scheduler} - Strand died 
error: 	error occurred when pulling the module from remote registry 
	at ballerina:createError(module_pull.bal:55)
	   ballerina:pullPackage(module_pull.bal:145)
	   ballerina:main(module_pull.bal:100) 
[2019-09-19 11:51:11,560] ERROR {org.ballerinalang.jvm.scheduling.Scheduler} - Strand died 
error: 	error occurred when pulling the module from remote registry 
	at ballerina:createError(module_pull.bal:55)
	   ballerina:pullPackage(module_pull.bal:145)
	   ballerina:main(module_pull.bal:100) 
[2019-09-19 13:49:53,529] ERROR {org.ballerinalang.jvm.scheduling.Scheduler} - Strand died 
error: 	error occurred when pulling the module from remote registry 
	at ballerina:createError(module_pull.bal:55)
	   ballerina:pullPackage(module_pull.bal:145)
	   ballerina:main(module_pull.bal:100) 
[2019-09-19 13:49:54,626] ERROR {org.ballerinalang.jvm.scheduling.Scheduler} - Strand died 
error: 	error occurred when pulling the module from remote registry 
	at ballerina:createError(module_pull.bal:55)
	   ballerina:pullPackage(module_pull.bal:145)
	   ballerina:main(module_pull.bal:100) 
[2019-09-19 13:54:41,439] ERROR {org.ballerinalang.jvm.scheduling.Scheduler} - Strand died 
error: 	error occurred when pulling the module from remote registry 
	at ballerina:createError(module_pull.bal:55)
	   ballerina:pullPackage(module_pull.bal:145)
	   ballerina:main(module_pull.bal:100) 
[2019-09-19 13:54:42,549] ERROR {org.ballerinalang.jvm.scheduling.Scheduler} - Strand died 
error: 	error occurred when pulling the module from remote registry 
	at ballerina:createError(module_pull.bal:55)
	   ballerina:pullPackage(module_pull.bal:145)
	   ballerina:main(module_pull.bal:100) 
