#
# There is insufficient memory for the Java Runtime Environment to continue.
# Native memory allocation (mmap) failed to map 179306496 bytes for committing reserved memory.
# Possible reasons:
#   The system is out of physical RAM or swap space
#   The process is running with CompressedOops enabled, and the Java Heap may be blocking the growth of the native heap
# Possible solutions:
#   Reduce memory load on the system
#   Increase physical memory or swap space
#   Check if swap backing store is full
#   Decrease Java heap size (-Xmx/-Xms)
#   Decrease number of Java threads
#   Decrease Java thread stack sizes (-Xss)
#   Set larger code cache with -XX:ReservedCodeCacheSize=
# This output file may be truncated or incomplete.
#
#  Out of Memory Error (os_linux.cpp:2749), pid=22114, tid=0x00007fcea0c3c700
#
# JRE version:  (8.0_221-b11) (build )
# Java VM: Java HotSpot(TM) 64-Bit Server VM (25.221-b11 mixed mode linux-amd64 compressed oops)
# Failed to write core dump. Core dumps have been disabled. To enable core dumping, try "ulimit -c unlimited" before starting Java again
#

---------------  T H R E A D  ---------------

Current thread (0x00007fce98014800):  JavaThread "Unknown thread" [_thread_in_vm, id=22115, stack(0x00007fcea0b3d000,0x00007fcea0c3d000)]

Stack: [0x00007fcea0b3d000,0x00007fcea0c3d000],  sp=0x00007fcea0c3b570,  free space=1017k
Native frames: (J=compiled Java code, j=interpreted, Vv=VM code, C=native code)
V  [libjvm.so+0xad3455]  VMError::report_and_die()+0x2e5
V  [libjvm.so+0x4e0537]  report_vm_out_of_memory(char const*, int, unsigned long, VMErrorType, char const*)+0x67
V  [libjvm.so+0x910320]  os::pd_commit_memory(char*, unsigned long, unsigned long, bool)+0x100
V  [libjvm.so+0x90794f]  os::commit_memory(char*, unsigned long, unsigned long, bool)+0x1f
V  [libjvm.so+0x98c736]  PSVirtualSpace::expand_by(unsigned long)+0x56
V  [libjvm.so+0x97cfec]  PSOldGen::initialize(ReservedSpace, unsigned long, char const*, int)+0x8c
V  [libjvm.so+0x2bd00e]  AdjoiningGenerations::AdjoiningGenerations(ReservedSpace, GenerationSizer*, unsigned long)+0x2fe
V  [libjvm.so+0x93ac62]  ParallelScavengeHeap::initialize()+0x222
V  [libjvm.so+0xa9707a]  Universe::initialize_heap()+0x16a
V  [libjvm.so+0xa97363]  universe_init()+0x33
V  [libjvm.so+0x6321a0]  init_globals()+0x50
V  [libjvm.so+0xa79a99]  Threads::create_vm(JavaVMInitArgs*, bool*)+0x409
V  [libjvm.so+0x6d7d1f]  JNI_CreateJavaVM+0x4f
C  [libjli.so+0x7ee4]  JavaMain+0x84
C  [libpthread.so.0+0x76db]  start_thread+0xdb


---------------  P R O C E S S  ---------------

Java Threads: ( => current thread )

Other Threads:

=>0x00007fce98014800 (exited) JavaThread "Unknown thread" [_thread_in_vm, id=22115, stack(0x00007fcea0b3d000,0x00007fcea0c3d000)]

VM state:not at safepoint (not fully initialized)

VM Mutex/Monitor currently owned by a thread: None

heap address: 0x00000000c0000000, size: 1024 MB, Compressed Oops mode: Non-zero based:0x00000000bffff000
Narrow klass base: 0x0000000000000000, Narrow klass shift: 0

GC Heap History (0 events):
No events

Deoptimization events (0 events):
No events

Classes redefined (0 events):
No events

Internal exceptions (0 events):
No events

Events (0 events):
No events


Dynamic libraries:
00400000-00401000 r-xp 00000000 fd:01 791501                             /home/chamodi/software/jdk-8u221-linux-x64/jdk1.8.0_221/bin/java
00600000-00601000 r--p 00000000 fd:01 791501                             /home/chamodi/software/jdk-8u221-linux-x64/jdk1.8.0_221/bin/java
00601000-00602000 rw-p 00001000 fd:01 791501                             /home/chamodi/software/jdk-8u221-linux-x64/jdk1.8.0_221/bin/java
008e7000-00908000 rw-p 00000000 00:00 0                                  [heap]
cab00000-eab00000 ---p 00000000 00:00 0 
eab00000-f0000000 rw-p 00000000 00:00 0 
f0000000-100000000 ---p 00000000 00:00 0 
7fce89000000-7fce89270000 rwxp 00000000 00:00 0 
7fce89270000-7fce98000000 ---p 00000000 00:00 0 
7fce98000000-7fce9803f000 rw-p 00000000 00:00 0 
7fce9803f000-7fce9c000000 ---p 00000000 00:00 0 
7fce9d386000-7fce9d61b000 rw-p 00000000 00:00 0 
7fce9d61b000-7fce9d770000 ---p 00000000 00:00 0 
7fce9d770000-7fce9d79b000 rw-p 00000000 00:00 0 
7fce9d79b000-7fce9d81b000 ---p 00000000 00:00 0 
7fce9d81b000-7fce9d826000 rw-p 00000000 00:00 0 
7fce9d826000-7fce9dbdc000 ---p 00000000 00:00 0 
7fce9dbdc000-7fce9dbf7000 r-xp 00000000 fd:01 791834                     /home/chamodi/software/jdk-8u221-linux-x64/jdk1.8.0_221/jre/lib/amd64/libzip.so
7fce9dbf7000-7fce9ddf6000 ---p 0001b000 fd:01 791834                     /home/chamodi/software/jdk-8u221-linux-x64/jdk1.8.0_221/jre/lib/amd64/libzip.so
7fce9ddf6000-7fce9ddf7000 r--p 0001a000 fd:01 791834                     /home/chamodi/software/jdk-8u221-linux-x64/jdk1.8.0_221/jre/lib/amd64/libzip.so
7fce9ddf7000-7fce9ddf8000 rw-p 0001b000 fd:01 791834                     /home/chamodi/software/jdk-8u221-linux-x64/jdk1.8.0_221/jre/lib/amd64/libzip.so
7fce9ddf8000-7fce9de03000 r-xp 00000000 fd:01 11932341                   /lib/x86_64-linux-gnu/libnss_files-2.27.so
7fce9de03000-7fce9e002000 ---p 0000b000 fd:01 11932341                   /lib/x86_64-linux-gnu/libnss_files-2.27.so
7fce9e002000-7fce9e003000 r--p 0000a000 fd:01 11932341                   /lib/x86_64-linux-gnu/libnss_files-2.27.so
7fce9e003000-7fce9e004000 rw-p 0000b000 fd:01 11932341                   /lib/x86_64-linux-gnu/libnss_files-2.27.so
7fce9e004000-7fce9e00a000 rw-p 00000000 00:00 0 
7fce9e00a000-7fce9e021000 r-xp 00000000 fd:01 11932335                   /lib/x86_64-linux-gnu/libnsl-2.27.so
7fce9e021000-7fce9e220000 ---p 00017000 fd:01 11932335                   /lib/x86_64-linux-gnu/libnsl-2.27.so
7fce9e220000-7fce9e221000 r--p 00016000 fd:01 11932335                   /lib/x86_64-linux-gnu/libnsl-2.27.so
7fce9e221000-7fce9e222000 rw-p 00017000 fd:01 11932335                   /lib/x86_64-linux-gnu/libnsl-2.27.so
7fce9e222000-7fce9e224000 rw-p 00000000 00:00 0 
7fce9e224000-7fce9e22f000 r-xp 00000000 fd:01 11932352                   /lib/x86_64-linux-gnu/libnss_nis-2.27.so
7fce9e22f000-7fce9e42e000 ---p 0000b000 fd:01 11932352                   /lib/x86_64-linux-gnu/libnss_nis-2.27.so
7fce9e42e000-7fce9e42f000 r--p 0000a000 fd:01 11932352                   /lib/x86_64-linux-gnu/libnss_nis-2.27.so
7fce9e42f000-7fce9e430000 rw-p 0000b000 fd:01 11932352                   /lib/x86_64-linux-gnu/libnss_nis-2.27.so
7fce9e430000-7fce9e438000 r-xp 00000000 fd:01 11932337                   /lib/x86_64-linux-gnu/libnss_compat-2.27.so
7fce9e438000-7fce9e638000 ---p 00008000 fd:01 11932337                   /lib/x86_64-linux-gnu/libnss_compat-2.27.so
7fce9e638000-7fce9e639000 r--p 00008000 fd:01 11932337                   /lib/x86_64-linux-gnu/libnss_compat-2.27.so
7fce9e639000-7fce9e63a000 rw-p 00009000 fd:01 11932337                   /lib/x86_64-linux-gnu/libnss_compat-2.27.so
7fce9e63a000-7fce9e666000 r-xp 00000000 fd:01 791825                     /home/chamodi/software/jdk-8u221-linux-x64/jdk1.8.0_221/jre/lib/amd64/libjava.so
7fce9e666000-7fce9e866000 ---p 0002c000 fd:01 791825                     /home/chamodi/software/jdk-8u221-linux-x64/jdk1.8.0_221/jre/lib/amd64/libjava.so
7fce9e866000-7fce9e867000 r--p 0002c000 fd:01 791825                     /home/chamodi/software/jdk-8u221-linux-x64/jdk1.8.0_221/jre/lib/amd64/libjava.so
7fce9e867000-7fce9e869000 rw-p 0002d000 fd:01 791825                     /home/chamodi/software/jdk-8u221-linux-x64/jdk1.8.0_221/jre/lib/amd64/libjava.so
7fce9e869000-7fce9e876000 r-xp 00000000 fd:01 791816                     /home/chamodi/software/jdk-8u221-linux-x64/jdk1.8.0_221/jre/lib/amd64/libverify.so
7fce9e876000-7fce9ea75000 ---p 0000d000 fd:01 791816                     /home/chamodi/software/jdk-8u221-linux-x64/jdk1.8.0_221/jre/lib/amd64/libverify.so
7fce9ea75000-7fce9ea77000 r--p 0000c000 fd:01 791816                     /home/chamodi/software/jdk-8u221-linux-x64/jdk1.8.0_221/jre/lib/amd64/libverify.so
7fce9ea77000-7fce9ea78000 rw-p 0000e000 fd:01 791816                     /home/chamodi/software/jdk-8u221-linux-x64/jdk1.8.0_221/jre/lib/amd64/libverify.so
7fce9ea78000-7fce9ea7f000 r-xp 00000000 fd:01 11932392                   /lib/x86_64-linux-gnu/librt-2.27.so
7fce9ea7f000-7fce9ec7e000 ---p 00007000 fd:01 11932392                   /lib/x86_64-linux-gnu/librt-2.27.so
7fce9ec7e000-7fce9ec7f000 r--p 00006000 fd:01 11932392                   /lib/x86_64-linux-gnu/librt-2.27.so
7fce9ec7f000-7fce9ec80000 rw-p 00007000 fd:01 11932392                   /lib/x86_64-linux-gnu/librt-2.27.so
7fce9ec80000-7fce9ee1d000 r-xp 00000000 fd:01 11932314                   /lib/x86_64-linux-gnu/libm-2.27.so
7fce9ee1d000-7fce9f01c000 ---p 0019d000 fd:01 11932314                   /lib/x86_64-linux-gnu/libm-2.27.so
7fce9f01c000-7fce9f01d000 r--p 0019c000 fd:01 11932314                   /lib/x86_64-linux-gnu/libm-2.27.so
7fce9f01d000-7fce9f01e000 rw-p 0019d000 fd:01 11932314                   /lib/x86_64-linux-gnu/libm-2.27.so
7fce9f01e000-7fce9fd06000 r-xp 00000000 fd:01 791832                     /home/chamodi/software/jdk-8u221-linux-x64/jdk1.8.0_221/jre/lib/amd64/server/libjvm.so
7fce9fd06000-7fce9ff05000 ---p 00ce8000 fd:01 791832                     /home/chamodi/software/jdk-8u221-linux-x64/jdk1.8.0_221/jre/lib/amd64/server/libjvm.so
7fce9ff05000-7fce9ff9b000 r--p 00ce7000 fd:01 791832                     /home/chamodi/software/jdk-8u221-linux-x64/jdk1.8.0_221/jre/lib/amd64/server/libjvm.so
7fce9ff9b000-7fce9ffcc000 rw-p 00d7d000 fd:01 791832                     /home/chamodi/software/jdk-8u221-linux-x64/jdk1.8.0_221/jre/lib/amd64/server/libjvm.so
7fce9ffcc000-7fcea0007000 rw-p 00000000 00:00 0 
7fcea0007000-7fcea01ee000 r-xp 00000000 fd:01 11932251                   /lib/x86_64-linux-gnu/libc-2.27.so
7fcea01ee000-7fcea03ee000 ---p 001e7000 fd:01 11932251                   /lib/x86_64-linux-gnu/libc-2.27.so
7fcea03ee000-7fcea03f2000 r--p 001e7000 fd:01 11932251                   /lib/x86_64-linux-gnu/libc-2.27.so
7fcea03f2000-7fcea03f4000 rw-p 001eb000 fd:01 11932251                   /lib/x86_64-linux-gnu/libc-2.27.so
7fcea03f4000-7fcea03f8000 rw-p 00000000 00:00 0 
7fcea03f8000-7fcea03fb000 r-xp 00000000 fd:01 11932274                   /lib/x86_64-linux-gnu/libdl-2.27.so
7fcea03fb000-7fcea05fa000 ---p 00003000 fd:01 11932274                   /lib/x86_64-linux-gnu/libdl-2.27.so
7fcea05fa000-7fcea05fb000 r--p 00002000 fd:01 11932274                   /lib/x86_64-linux-gnu/libdl-2.27.so
7fcea05fb000-7fcea05fc000 rw-p 00003000 fd:01 11932274                   /lib/x86_64-linux-gnu/libdl-2.27.so
7fcea05fc000-7fcea0613000 r-xp 00000000 fd:01 790810                     /home/chamodi/software/jdk-8u221-linux-x64/jdk1.8.0_221/lib/amd64/jli/libjli.so
7fcea0613000-7fcea0812000 ---p 00017000 fd:01 790810                     /home/chamodi/software/jdk-8u221-linux-x64/jdk1.8.0_221/lib/amd64/jli/libjli.so
7fcea0812000-7fcea0813000 r--p 00016000 fd:01 790810                     /home/chamodi/software/jdk-8u221-linux-x64/jdk1.8.0_221/lib/amd64/jli/libjli.so
7fcea0813000-7fcea0814000 rw-p 00017000 fd:01 790810                     /home/chamodi/software/jdk-8u221-linux-x64/jdk1.8.0_221/lib/amd64/jli/libjli.so
7fcea0814000-7fcea082e000 r-xp 00000000 fd:01 11932384                   /lib/x86_64-linux-gnu/libpthread-2.27.so
7fcea082e000-7fcea0a2d000 ---p 0001a000 fd:01 11932384                   /lib/x86_64-linux-gnu/libpthread-2.27.so
7fcea0a2d000-7fcea0a2e000 r--p 00019000 fd:01 11932384                   /lib/x86_64-linux-gnu/libpthread-2.27.so
7fcea0a2e000-7fcea0a2f000 rw-p 0001a000 fd:01 11932384                   /lib/x86_64-linux-gnu/libpthread-2.27.so
7fcea0a2f000-7fcea0a33000 rw-p 00000000 00:00 0 
7fcea0a33000-7fcea0a5a000 r-xp 00000000 fd:01 11932223                   /lib/x86_64-linux-gnu/ld-2.27.so
7fcea0b3c000-7fcea0b3d000 ---p 00000000 00:00 0 
7fcea0b3d000-7fcea0b40000 ---p 00000000 00:00 0 
7fcea0b40000-7fcea0c3f000 rw-p 00000000 00:00 0 
7fcea0c4e000-7fcea0c56000 rw-s 00000000 fd:01 2885445                    /tmp/hsperfdata_chamodi/22114
7fcea0c56000-7fcea0c57000 rw-p 00000000 00:00 0 
7fcea0c57000-7fcea0c58000 r--p 00000000 00:00 0 
7fcea0c58000-7fcea0c5a000 rw-p 00000000 00:00 0 
7fcea0c5a000-7fcea0c5b000 r--p 00027000 fd:01 11932223                   /lib/x86_64-linux-gnu/ld-2.27.so
7fcea0c5b000-7fcea0c5c000 rw-p 00028000 fd:01 11932223                   /lib/x86_64-linux-gnu/ld-2.27.so
7fcea0c5c000-7fcea0c5d000 rw-p 00000000 00:00 0 
7ffda669e000-7ffda66c4000 rw-p 00000000 00:00 0                          [stack]
7ffda6783000-7ffda6786000 r--p 00000000 00:00 0                          [vvar]
7ffda6786000-7ffda6788000 r-xp 00000000 00:00 0                          [vdso]
ffffffffff600000-ffffffffff601000 r-xp 00000000 00:00 0                  [vsyscall]

VM Arguments:
jvm_args: -Xbootclasspath/a: -Xms256m -Xmx1024m -XX:+HeapDumpOnOutOfMemoryError -XX:HeapDumpPath=/home/chamodi/software/jballerina-1.0.0-alpha3/heap-dump.hprof -Dballerina.home=/home/chamodi/software/jballerina-1.0.0-alpha3 -Dballerina.version=1.0.0-alpha3 -Djava.util.logging.config.class=org.ballerinalang.logging.util.LogConfigReader -Djava.util.logging.manager=org.ballerinalang.logging.BLogManager -Denable.nonblocking=false -Djava.security.egd=file:/dev/./urandom -Dfile.encoding=UTF8 -Dballerina.target=jvm 
java_command: org.ballerinalang.tool.Main run GovID.bal
java_class_path (initial): :/home/chamodi/software/jballerina-1.0.0-alpha3/bre/lib/amqp-client-5.6.0.jar:/home/chamodi/software/jballerina-1.0.0-alpha3/bre/lib/annotations-1.0.0-alpha3.jar:/home/chamodi/software/jballerina-1.0.0-alpha3/bre/lib/array-1.0.0-alpha3.jar:/home/chamodi/software/jballerina-1.0.0-alpha3/bre/lib/asm-7.1.jar:/home/chamodi/software/jballerina-1.0.0-alpha3/bre/lib/asm-analysis-7.1.jar:/home/chamodi/software/jballerina-1.0.0-alpha3/bre/lib/asm-tree-7.1.jar:/home/chamodi/software/jballerina-1.0.0-alpha3/bre/lib/asm-util-7.1.jar:/home/chamodi/software/jballerina-1.0.0-alpha3/bre/lib/auth.jar:/home/chamodi/software/jballerina-1.0.0-alpha3/bre/lib/awslambda-extension-1.0.0-alpha3.jar:/home/chamodi/software/jballerina-1.0.0-alpha3/bre/lib/axiom-api-1.2.20.jar:/home/chamodi/software/jballerina-1.0.0-alpha3/bre/lib/ballerina-auth-1.0.0-alpha3.jar:/home/chamodi/software/jballerina-1.0.0-alpha3/bre/lib/ballerina-backend-jvm-1.0.0-alpha3.jar:/home/chamodi/software/jballerina-1.0.0-alpha3/bre/lib/ballerina-bir-1.0.0-alpha3.jar:/home/chamodi/software/jballerina-1.0.0-alpha3/bre/lib/ballerina-client-generator-1.0.0-alpha3.jar:/home/chamodi/software/jballerina-1.0.0-alpha3/bre/lib/ballerina-cli-utils-1.0.0-alpha3.jar:/home/chamodi/software/jballerina-1.0.0-alpha3/bre/lib/ballerina-config-api-1.0.0-alpha3.jar:/home/chamodi/software/jballerina-1.0.0-alpha3/bre/lib/ballerina-core-1.0.0-alpha3.jar:/home/chamodi/software/jballerina-1.0.0-alpha3/bre/lib/ballerina-crypto-1.0.0-alpha3.jar:/home/chamodi/software/jballerina-1.0.0-alpha3/bre/lib/ballerina-encoding-1.0.0-alpha3.jar:/home/chamodi/software/jballerina-1.0.0-alpha3/bre/lib/ballerina-file-1.0.0-alpha3.jar:/home/chamodi/software/jballerina-1.0.0-alpha3/bre/lib/ballerina-filepath-1.0.0-alpha3.jar:/home/chamodi/software/jballerina-1.0.0-alpha3/bre/lib/ballerina-formatter-1.0.0-alpha3.jar:/home/chamodi/software/jballerina-1.0.0-alpha3/bre/lib/ballerina-grpc-1.0.0-alpha3.jar:/home/chamodi/software/jballerina-1.0
Launcher Type: SUN_STANDARD

Environment Variables:
JAVA_HOME=/home/chamodi/software/jdk-8u221-linux-x64/jdk1.8.0_221
CLASSPATH=/home/chamodi/software/jdk-8u221-linux-x64/jdk1.8.0_221/src.zip:/home/chamodi/software/jdk-8u221-linux-x64/jdk1.8.0_221/src.zip:
PATH=/home/chamodi/software/jballerina-1.0.0-alpha3/bin:/home/chamodi/software/jdk-8u221-linux-x64/jdk1.8.0_221/bin:/home/chamodi/software/jballerina-1.0.0-alpha3/bin:/home/chamodi/software/jdk-8u221-linux-x64/jdk1.8.0_221/bin:/usr/local/sbin:/usr/local/bin:/usr/sbin:/usr/bin:/sbin:/bin:/usr/games:/usr/local/games:/snap/bin
USERNAME=chamodi
SHELL=/bin/bash
DISPLAY=:0

Signal Handlers:
SIGSEGV: [libjvm.so+0xad3d90], sa_mask[0]=11111111011111111101111111111110, sa_flags=SA_RESTART|SA_SIGINFO
SIGBUS: [libjvm.so+0xad3d90], sa_mask[0]=11111111011111111101111111111110, sa_flags=SA_RESTART|SA_SIGINFO
SIGFPE: [libjvm.so+0x90b8b0], sa_mask[0]=11111111011111111101111111111110, sa_flags=SA_RESTART|SA_SIGINFO
SIGPIPE: [libjvm.so+0x90b8b0], sa_mask[0]=11111111011111111101111111111110, sa_flags=SA_RESTART|SA_SIGINFO
SIGXFSZ: [libjvm.so+0x90b8b0], sa_mask[0]=11111111011111111101111111111110, sa_flags=SA_RESTART|SA_SIGINFO
SIGILL: [libjvm.so+0x90b8b0], sa_mask[0]=11111111011111111101111111111110, sa_flags=SA_RESTART|SA_SIGINFO
SIGUSR1: SIG_DFL, sa_mask[0]=00000000000000000000000000000000, sa_flags=none
SIGUSR2: [libjvm.so+0x90b780], sa_mask[0]=00000000000000000000000000000000, sa_flags=SA_RESTART|SA_SIGINFO
SIGHUP: SIG_DFL, sa_mask[0]=00000000000000000000000000000000, sa_flags=none
SIGINT: SIG_DFL, sa_mask[0]=00000000000000000000000000000000, sa_flags=none
SIGTERM: SIG_DFL, sa_mask[0]=00000000000000000000000000000000, sa_flags=none
SIGQUIT: SIG_DFL, sa_mask[0]=00000000000000000000000000000000, sa_flags=none


---------------  S Y S T E M  ---------------

OS:DISTRIB_ID=Ubuntu
DISTRIB_RELEASE=18.04
DISTRIB_CODENAME=bionic
DISTRIB_DESCRIPTION="Ubuntu 18.04.3 LTS"

uname:Linux 4.15.0-62-generic #69-Ubuntu SMP Wed Sep 4 20:55:53 UTC 2019 x86_64
libc:glibc 2.27 NPTL 2.27 
rlimit: STACK 8192k, CORE 0k, NPROC 31275, NOFILE 1048576, AS infinity
load average:0.67 0.62 0.62

/proc/meminfo:
MemTotal:        8071300 kB
MemFree:          131984 kB
MemAvailable:      82400 kB
Buffers:            6112 kB
Cached:          1194944 kB
SwapCached:         3004 kB
Active:          6475016 kB
Inactive:        1025680 kB
Active(anon):    6415156 kB
Inactive(anon):   976916 kB
Active(file):      59860 kB
Inactive(file):    48764 kB
Unevictable:         112 kB
Mlocked:             112 kB
SwapTotal:       1003516 kB
SwapFree:              0 kB
Dirty:               276 kB
Writeback:             0 kB
AnonPages:       6297628 kB
Mapped:           834900 kB
Shmem:           1092460 kB
Slab:             154492 kB
SReclaimable:      63964 kB
SUnreclaim:        90528 kB
KernelStack:       33680 kB
PageTables:       117880 kB
NFS_Unstable:          0 kB
Bounce:                0 kB
WritebackTmp:          0 kB
CommitLimit:     5039164 kB
Committed_AS:   21561548 kB
VmallocTotal:   34359738367 kB
VmallocUsed:           0 kB
VmallocChunk:          0 kB
HardwareCorrupted:     0 kB
AnonHugePages:         0 kB
ShmemHugePages:        0 kB
ShmemPmdMapped:        0 kB
CmaTotal:              0 kB
CmaFree:               0 kB
HugePages_Total:       0
HugePages_Free:        0
HugePages_Rsvd:        0
HugePages_Surp:        0
Hugepagesize:       2048 kB
DirectMap4k:      378548 kB
DirectMap2M:     7913472 kB
DirectMap1G:           0 kB

container (cgroup) information:
container_type: cgroupv1
cpu_cpuset_cpus: 0-7
cpu_memory_nodes: 0
active_processor_count: 8
cpu_quota: -1
cpu_period: 100000
cpu_shares: -1
memory_limit_in_bytes: -1
memory_and_swap_limit_in_bytes: -2
memory_soft_limit_in_bytes: -1
memory_usage_in_bytes: 7682174976
memory_max_usage_in_bytes: 8388608


CPU:total 8 (initial active 8) (4 cores per cpu, 2 threads per core) family 6 model 60 stepping 3, cmov, cx8, fxsr, mmx, sse, sse2, sse3, ssse3, sse4.1, sse4.2, popcnt, avx, avx2, aes, clmul, erms, lzcnt, ht, tsc, tscinvbit, bmi1, bmi2

/proc/cpuinfo:
processor	: 0
vendor_id	: GenuineIntel
cpu family	: 6
model		: 60
model name	: Intel(R) Core(TM) i7-4800MQ CPU @ 2.70GHz
stepping	: 3
microcode	: 0x27
cpu MHz		: 2417.945
cache size	: 6144 KB
physical id	: 0
siblings	: 8
core id		: 0
cpu cores	: 4
apicid		: 0
initial apicid	: 0
fpu		: yes
fpu_exception	: yes
cpuid level	: 13
wp		: yes
flags		: fpu vme de pse tsc msr pae mce cx8 apic sep mtrr pge mca cmov pat pse36 clflush dts acpi mmx fxsr sse sse2 ss ht tm pbe syscall nx pdpe1gb rdtscp lm constant_tsc arch_perfmon pebs bts rep_good nopl xtopology nonstop_tsc cpuid aperfmperf pni pclmulqdq dtes64 monitor ds_cpl vmx smx est tm2 ssse3 sdbg fma cx16 xtpr pdcm pcid sse4_1 sse4_2 x2apic movbe popcnt tsc_deadline_timer aes xsave avx f16c rdrand lahf_lm abm cpuid_fault epb invpcid_single pti ssbd ibrs ibpb stibp tpr_shadow vnmi flexpriority ept vpid fsgsbase tsc_adjust bmi1 avx2 smep bmi2 erms invpcid xsaveopt dtherm ida arat pln pts md_clear flush_l1d
bugs		: cpu_meltdown spectre_v1 spectre_v2 spec_store_bypass l1tf mds swapgs
bogomips	: 5387.21
clflush size	: 64
cache_alignment	: 64
address sizes	: 39 bits physical, 48 bits virtual
power management:

processor	: 1
vendor_id	: GenuineIntel
cpu family	: 6
model		: 60
model name	: Intel(R) Core(TM) i7-4800MQ CPU @ 2.70GHz
stepping	: 3
microcode	: 0x27
cpu MHz		: 2455.633
cache size	: 6144 KB
physical id	: 0
siblings	: 8
core id		: 1
cpu cores	: 4
apicid		: 2
initial apicid	: 2
fpu		: yes
fpu_exception	: yes
cpuid level	: 13
wp		: yes
flags		: fpu vme de pse tsc msr pae mce cx8 apic sep mtrr pge mca cmov pat pse36 clflush dts acpi mmx fxsr sse sse2 ss ht tm pbe syscall nx pdpe1gb rdtscp lm constant_tsc arch_perfmon pebs bts rep_good nopl xtopology nonstop_tsc cpuid aperfmperf pni pclmulqdq dtes64 monitor ds_cpl vmx smx est tm2 ssse3 sdbg fma cx16 xtpr pdcm pcid sse4_1 sse4_2 x2apic movbe popcnt tsc_deadline_timer aes xsave avx f16c rdrand lahf_lm abm cpuid_fault epb invpcid_single pti ssbd ibrs ibpb stibp tpr_shadow vnmi flexpriority ept vpid fsgsbase tsc_adjust bmi1 avx2 smep bmi2 erms invpcid xsaveopt dtherm ida arat pln pts md_clear flush_l1d
bugs		: cpu_meltdown spectre_v1 spectre_v2 spec_store_bypass l1tf mds swapgs
bogomips	: 5387.21
clflush size	: 64
cache_alignment	: 64
address sizes	: 39 bits physical, 48 bits virtual
power management:

processor	: 2
vendor_id	: GenuineIntel
cpu family	: 6
model		: 60
model name	: Intel(R) Core(TM) i7-4800MQ CPU @ 2.70GHz
stepping	: 3
microcode	: 0x27
cpu MHz		: 2204.601
cache size	: 6144 KB
physical id	: 0
siblings	: 8
core id		: 2
cpu cores	: 4
apicid		: 4
initial apicid	: 4
fpu		: yes
fpu_exception	: yes
cpuid level	: 13
wp		: yes
flags		: fpu vme de pse tsc msr pae mce cx8 apic sep mtrr pge mca cmov pat pse36 clflush dts acpi mmx fxsr sse sse2 ss ht tm pbe syscall nx pdpe1gb rdtscp lm constant_tsc arch_perfmon pebs bts rep_good nopl xtopology nonstop_tsc cpuid aperfmperf pni pclmulqdq dtes64 monitor ds_cpl vmx smx est tm2 ssse3 sdbg fma cx16 xtpr pdcm pcid sse4_1 sse4_2 x2apic movbe popcnt tsc_deadline_timer aes xsave avx f16c rdrand lahf_lm abm cpuid_fault epb invpcid_single pti ssbd ibrs ibpb stibp tpr_shadow vnmi flexpriority ept vpid fsgsbase tsc_adjust bmi1 avx2 smep bmi2 erms invpcid xsaveopt dtherm ida arat pln pts md_clear flush_l1d
bugs		: cpu_meltdown spectre_v1 spectre_v2 spec_store_bypass l1tf mds swapgs
bogomips	: 5387.21
clflush size	: 64
cache_alignment	: 64
address sizes	: 39 bits physical, 48 bits virtual
power management:

processor	: 3
vendor_id	: GenuineIntel
cpu family	: 6
model		: 60
model name	: Intel(R) Core(TM) i7-4800MQ CPU @ 2.70GHz
stepping	: 3
microcode	: 0x27
cpu MHz		: 2494.848
cache size	: 6144 KB
physical id	: 0
siblings	: 8
core id		: 3
cpu cores	: 4
apicid		: 6
initial apicid	: 6
fpu		: yes
fpu_exception	: yes
cpuid level	: 13
wp		: yes
flags		: fpu vme de pse tsc msr pae mce cx8 apic sep mtrr pge mca cmov pat pse36 clflush dts acpi mmx fxsr sse sse2 ss ht tm pbe syscall nx pdpe1gb rdtscp lm constant_tsc arch_perfmon pebs bts rep_good nopl xtopology nonstop_tsc cpuid aperfmperf pni pclmulqdq dtes64 monitor ds_cpl vmx smx est tm2 ssse3 sdbg fma cx16 xtpr pdcm pcid sse4_1 sse4_2 x2apic movbe popcnt tsc_deadline_timer aes xsave avx f16c rdrand lahf_lm abm cpuid_fault epb invpcid_single pti ssbd ibrs ibpb stibp tpr_shadow vnmi flexpriority ept vpid fsgsbase tsc_adjust bmi1 avx2 smep bmi2 erms invpcid xsaveopt dtherm ida arat pln pts md_clear flush_l1d
bugs		: cpu_meltdown spectre_v1 spectre_v2 spec_store_bypass l1tf mds swapgs
bogomips	: 5387.21
clflush size	: 64
cache_alignment	: 64
address sizes	: 39 bits physical, 48 bits virtual
power management:

processor	: 4
vendor_id	: GenuineIntel
cpu family	: 6
model		: 60
model name	: Intel(R) Core(TM) i7-4800MQ CPU @ 2.70GHz
stepping	: 3
microcode	: 0x27
cpu MHz		: 2417.655
cache size	: 6144 KB
physical id	: 0
siblings	: 8
core id		: 0
cpu cores	: 4
apicid		: 1
initial apicid	: 1
fpu		: yes
fpu_exception	: yes
cpuid level	: 13
wp		: yes
flags		: fpu vme de pse tsc msr pae mce cx8 apic sep mtrr pge mca cmov pat pse36 clflush dts acpi mmx fxsr sse sse2 ss ht tm pbe syscall nx pdpe1gb rdtscp lm constant_tsc arch_perfmon pebs bts rep_good nopl xtopology nonstop_tsc cpuid aperfmperf pni pclmulqdq dtes64 monitor ds_cpl vmx smx est tm2 ssse3 sdbg fma cx16 xtpr pdcm pcid sse4_1 sse4_2 x2apic movbe popcnt tsc_deadline_timer aes xsave avx f16c rdrand lahf_lm abm cpuid_fault epb invpcid_single pti ssbd ibrs ibpb stibp tpr_shadow vnmi flexpriority ept vpid fsgsbase tsc_adjust bmi1 avx2 smep bmi2 erms invpcid xsaveopt dtherm ida arat pln pts md_clear flush_l1d
bugs		: cpu_meltdown spectre_v1 spectre_v2 spec_store_bypass l1tf mds swapgs
bogomips	: 5387.21
clflush size	: 64
cache_alignment	: 64
address sizes	: 39 bits physical, 48 bits virtual
power management:

processor	: 5
vendor_id	: GenuineIntel
cpu family	: 6
model		: 60
model name	: Intel(R) Core(TM) i7-4800MQ CPU @ 2.70GHz
stepping	: 3
microcode	: 0x27
cpu MHz		: 2372.648
cache size	: 6144 KB
physical id	: 0
siblings	: 8
core id		: 1
cpu cores	: 4
apicid		: 3
initial apicid	: 3
fpu		: yes
fpu_exception	: yes
cpuid level	: 13
wp		: yes
flags		: fpu vme de pse tsc msr pae mce cx8 apic sep mtrr pge mca cmov pat pse36 clflush dts acpi mmx fxsr sse sse2 ss ht tm pbe syscall nx pdpe1gb rdtscp lm constant_tsc arch_perfmon pebs bts rep_good nopl xtopology nonstop_tsc cpuid aperfmperf pni pclmulqdq dtes64 monitor ds_cpl vmx smx est tm2 ssse3 sdbg fma cx16 xtpr pdcm pcid sse4_1 sse4_2 x2apic movbe popcnt tsc_deadline_timer aes xsave avx f16c rdrand lahf_lm abm cpuid_fault epb invpcid_single pti ssbd ibrs ibpb stibp tpr_shadow vnmi flexpriority ept vpid fsgsbase tsc_adjust bmi1 avx2 smep bmi2 erms invpcid xsaveopt dtherm ida arat pln pts md_clear flush_l1d
bugs		: cpu_meltdown spectre_v1 spectre_v2 spec_store_bypass l1tf mds swapgs
bogomips	: 5387.21
clflush size	: 64
cache_alignment	: 64
address sizes	: 39 bits physical, 48 bits virtual
power management:

processor	: 6
vendor_id	: GenuineIntel
cpu family	: 6
model		: 60
model name	: Intel(R) Core(TM) i7-4800MQ CPU @ 2.70GHz
stepping	: 3
microcode	: 0x27
cpu MHz		: 2589.480
cache size	: 6144 KB
physical id	: 0
siblings	: 8
core id		: 2
cpu cores	: 4
apicid		: 5
initial apicid	: 5
fpu		: yes
fpu_exception	: yes
cpuid level	: 13
wp		: yes
flags		: fpu vme de pse tsc msr pae mce cx8 apic sep mtrr pge mca cmov pat pse36 clflush dts acpi mmx fxsr sse sse2 ss ht tm pbe syscall nx pdpe1gb rdtscp lm constant_tsc arch_perfmon pebs bts rep_good nopl xtopology nonstop_tsc cpuid aperfmperf pni pclmulqdq dtes64 monitor ds_cpl vmx smx est tm2 ssse3 sdbg fma cx16 xtpr pdcm pcid sse4_1 sse4_2 x2apic movbe popcnt tsc_deadline_timer aes xsave avx f16c rdrand lahf_lm abm cpuid_fault epb invpcid_single pti ssbd ibrs ibpb stibp tpr_shadow vnmi flexpriority ept vpid fsgsbase tsc_adjust bmi1 avx2 smep bmi2 erms invpcid xsaveopt dtherm ida arat pln pts md_clear flush_l1d
bugs		: cpu_meltdown spectre_v1 spectre_v2 spec_store_bypass l1tf mds swapgs
bogomips	: 5387.21
clflush size	: 64
cache_alignment	: 64
address sizes	: 39 bits physical, 48 bits virtual
power management:

processor	: 7
vendor_id	: GenuineIntel
cpu family	: 6
model		: 60
model name	: Intel(R) Core(TM) i7-4800MQ CPU @ 2.70GHz
stepping	: 3
microcode	: 0x27
cpu MHz		: 2663.846
cache size	: 6144 KB
physical id	: 0
siblings	: 8
core id		: 3
cpu cores	: 4
apicid		: 7
initial apicid	: 7
fpu		: yes
fpu_exception	: yes
cpuid level	: 13
wp		: yes
flags		: fpu vme de pse tsc msr pae mce cx8 apic sep mtrr pge mca cmov pat pse36 clflush dts acpi mmx fxsr sse sse2 ss ht tm pbe syscall nx pdpe1gb rdtscp lm constant_tsc arch_perfmon pebs bts rep_good nopl xtopology nonstop_tsc cpuid aperfmperf pni pclmulqdq dtes64 monitor ds_cpl vmx smx est tm2 ssse3 sdbg fma cx16 xtpr pdcm pcid sse4_1 sse4_2 x2apic movbe popcnt tsc_deadline_timer aes xsave avx f16c rdrand lahf_lm abm cpuid_fault epb invpcid_single pti ssbd ibrs ibpb stibp tpr_shadow vnmi flexpriority ept vpid fsgsbase tsc_adjust bmi1 avx2 smep bmi2 erms invpcid xsaveopt dtherm ida arat pln pts md_clear flush_l1d
bugs		: cpu_meltdown spectre_v1 spectre_v2 spec_store_bypass l1tf mds swapgs
bogomips	: 5387.21
clflush size	: 64
cache_alignment	: 64
address sizes	: 39 bits physical, 48 bits virtual
power management:



Memory: 4k page, physical 8071300k(126320k free), swap 1003516k(0k free)

vm_info: Java HotSpot(TM) 64-Bit Server VM (25.221-b11) for linux-amd64 JRE (1.8.0_221-b11), built on Jul  4 2019 04:27:00 by "java_re" with gcc 7.3.0

time: Mon Sep 16 15:37:52 2019
timezone: GMT
elapsed time: 0 seconds (0d 0h 0m 0s)

